<?xml version="1.0" encoding="UTF-8"?>
<server>
	<mbean code="org.jboss.mq.server.jmx.Topic" 
		name="jboss.mq.destination:service=Topic,name=testHelloWorldTopic">
		<attribute name="JNDIName" >topic/testHelloTopic</attribute>
		<depends optional-attribute-name="DestinationManager">jboss.mq:service=DestinationManager</depends>
	</mbean>
</server>